<?xml version="1.0" encoding="UTF-8"?>
<testng-results skipped="0" failed="0" total="1" passed="1">
  <reporter-output>
  </reporter-output>
  <suite name="Default suite" duration-ms="6887" started-at="2023-07-09T18:29:58Z" finished-at="2023-07-09T18:30:05Z">
    <groups>
    </groups>
    <test name="Default test" duration-ms="6887" started-at="2023-07-09T18:29:58Z" finished-at="2023-07-09T18:30:05Z">
      <class name="test.AddCustomerTest">
        <test-method status="PASS" signature="userShouldBeAbleToAddCustomer()[pri:0, instance:test.AddCustomerTest@2cfb4a64]" name="userShouldBeAbleToAddCustomer" duration-ms="6883" started-at="2023-07-09T13:29:58Z" finished-at="2023-07-09T13:30:05Z">
          <reporter-output>
          </reporter-output>
        </test-method> <!-- userShouldBeAbleToAddCustomer -->
      </class> <!-- test.AddCustomerTest -->
    </test> <!-- Default test -->
  </suite> <!-- Default suite -->
</testng-results>
